<?xml version="1.0" encoding="UTF-8"?>
<!-- Generated by org.testng.reporters.JUnitReportReporter -->
<testsuite hostname="manukiran" failures="0" tests="3" name="manukiranacademy.ExtendedReports.ExtentReportsDemo" time="12.618" errors="0" timestamp="2025-08-05T22:52:59 IST" skipped="0">
  <testcase classname="manukiranacademy.ExtendedReports.ExtentReportsDemo" name="test1" time="7.265"/>
  <testcase classname="manukiranacademy.ExtendedReports.ExtentReportsDemo" name="initialDemo" time="5.171"/>
  <testcase classname="manukiranacademy.ExtendedReports.ExtentReportsDemo" name="test2" time="0.182"/>
</testsuite> <!-- manukiranacademy.ExtendedReports.ExtentReportsDemo -->
